2016-03-12T19:21:52.321511Z 0 [Warning] TIMESTAMP with implicit DEFAULT value is deprecated. Please use --explicit_defaults_for_timestamp server option (see documentation for more details).
2016-03-12T19:21:52.321511Z 0 [Warning] 'NO_ZERO_DATE', 'NO_ZERO_IN_DATE' and 'ERROR_FOR_DIVISION_BY_ZERO' sql modes should be used with strict mode. They will be merged with strict mode in a future release.
2016-03-12T19:21:52.321511Z 0 [Warning] 'NO_AUTO_CREATE_USER' sql mode was not set.
2016-03-12T19:21:52.337136Z 0 [Warning] Insecure configuration for --secure-file-priv: Current value does not restrict location of generated files. Consider setting it to a valid, non-empty path.
2016-03-12T19:21:52.337136Z 0 [ERROR] Cannot open Windows EventLog; check privileges, or start server with --log_syslog=0
2016-03-12T19:21:52.337136Z 0 [Note] C:\Users\Drake\Documents\319_G19\319_G19\lab07\UwAmp\bin\database\mysql-5.7.11\bin\mysqld.exe (mysqld 5.7.11) starting as process 5476 ...
2016-03-12T19:21:52.352761Z 0 [ERROR] Can't open shared library 'C:\Users\Drake\Documents\319_G19\319_G19\lab07\UwAmp\bin\database\mysql-5.7.11\lib\plugin\keyring_file.dll' (errno: 126 The specified module could not be found.)
2016-03-12T19:21:52.352761Z 0 [ERROR] Couldn't load plugin named 'keyring_file' with soname 'keyring_file.dll'.
2016-03-12T19:21:52.368388Z 0 [Note] InnoDB: Mutexes and rw_locks use Windows interlocked functions
2016-03-12T19:21:52.368388Z 0 [Note] InnoDB: Uses event mutexes
2016-03-12T19:21:52.368388Z 0 [Note] InnoDB: Memory barrier is not used
2016-03-12T19:21:52.368388Z 0 [Note] InnoDB: Compressed tables use zlib 1.2.3
2016-03-12T19:21:52.368388Z 0 [Note] InnoDB: Number of pools: 1
2016-03-12T19:21:52.368388Z 0 [Note] InnoDB: Not using CPU crc32 instructions
2016-03-12T19:21:52.430891Z 0 [Note] InnoDB: Initializing buffer pool, total size = 128M, instances = 1, chunk size = 128M
2016-03-12T19:21:52.446516Z 0 [Note] InnoDB: Completed initialization of buffer pool
2016-03-12T19:21:52.540272Z 0 [Note] InnoDB: Setting log file .\ib_logfile101 size to 48 MB
2016-03-12T19:21:54.024726Z 0 [Note] InnoDB: Setting log file .\ib_logfile1 size to 48 MB
2016-03-12T19:21:55.365509Z 0 [Note] InnoDB: Renaming log file .\ib_logfile101 to .\ib_logfile0
2016-03-12T19:21:55.365509Z 0 [Warning] InnoDB: New log files created, LSN=2602779
2016-03-12T19:21:55.365509Z 0 [Note] InnoDB: Highest supported file format is Barracuda.
2016-03-12T19:21:55.365509Z 0 [Note] InnoDB: Log scan progressed past the checkpoint lsn 2603020
2016-03-12T19:21:55.381133Z 0 [Note] InnoDB: Doing recovery: scanned up to log sequence number 2603029
2016-03-12T19:21:55.381133Z 0 [Note] InnoDB: Doing recovery: scanned up to log sequence number 2603029
2016-03-12T19:21:55.381133Z 0 [Note] InnoDB: Database was not shutdown normally!
2016-03-12T19:21:55.381133Z 0 [Note] InnoDB: Starting crash recovery.
2016-03-12T19:21:55.756154Z 0 [Note] InnoDB: Creating shared tablespace for temporary tables
2016-03-12T19:21:55.756154Z 0 [Note] InnoDB: Setting file '.\ibtmp1' size to 12 MB. Physically writing the file full; Please wait ...
2016-03-12T19:21:56.115548Z 0 [Note] InnoDB: File '.\ibtmp1' size is now 12 MB.
2016-03-12T19:21:56.131173Z 0 [Note] InnoDB: 96 redo rollback segment(s) found. 96 redo rollback segment(s) are active.
2016-03-12T19:21:56.131173Z 0 [Note] InnoDB: 32 non-redo rollback segment(s) are active.
2016-03-12T19:21:56.131173Z 0 [Note] InnoDB: Waiting for purge to start
2016-03-12T19:21:56.193677Z 0 [Note] InnoDB: 5.7.11 started; log sequence number 2603029
2016-03-12T19:21:56.193677Z 0 [Note] Plugin 'FEDERATED' is disabled.
2016-03-12T19:21:56.193677Z 0 [Note] InnoDB: Loading buffer pool(s) from C:\Users\Drake\Documents\319_G19\319_G19\lab07\UwAmp\bin\database\mysql-5.7.11\data\ib_buffer_pool
2016-03-12T19:21:56.365562Z 0 [Warning] Failed to set up SSL because of the following SSL library error: SSL context is not usable without certificate and private key
2016-03-12T19:21:56.365562Z 0 [Note] Server hostname (bind-address): '*'; port: 3306
2016-03-12T19:21:56.381188Z 0 [Note] IPv6 is available.
2016-03-12T19:21:56.381188Z 0 [Note]   - '::' resolves to '::';
2016-03-12T19:21:56.381188Z 0 [Note] Server socket created on IP: '::'.
2016-03-12T19:21:56.474942Z 0 [Note] InnoDB: Buffer pool(s) load completed at 160312 13:21:56
2016-03-12T19:21:56.506194Z 0 [Note] Event Scheduler: Loaded 0 events
2016-03-12T19:21:56.506194Z 0 [Note] C:\Users\Drake\Documents\319_G19\319_G19\lab07\UwAmp\bin\database\mysql-5.7.11\bin\mysqld.exe: ready for connections.
Version: '5.7.11'  socket: ''  port: 3306  MySQL Community Server (GPL)
2016-03-12T19:23:49.048038Z 0 [Note] C:\Users\Drake\Documents\319_G19\319_G19\lab07\UwAmp\bin\database\mysql-5.7.11\bin\mysqld.exe: Normal shutdown

2016-03-12T19:23:49.049039Z 0 [Note] Giving 0 client threads a chance to die gracefully
2016-03-12T19:23:49.050039Z 0 [Note] Shutting down slave threads
2016-03-12T19:23:49.051040Z 0 [Note] Forcefully disconnecting 0 remaining clients
2016-03-12T19:23:49.051040Z 0 [Note] Event Scheduler: Purging the queue. 0 events
2016-03-12T19:23:49.052041Z 0 [Note] Binlog end
2016-03-12T19:23:49.053041Z 0 [Note] Shutting down plugin 'ngram'
2016-03-12T19:23:49.054042Z 0 [Note] Shutting down plugin 'partition'
2016-03-12T19:23:49.055042Z 0 [Note] Shutting down plugin 'BLACKHOLE'
2016-03-12T19:23:49.055042Z 0 [Note] Shutting down plugin 'ARCHIVE'
2016-03-12T19:23:49.056043Z 0 [Note] Shutting down plugin 'PERFORMANCE_SCHEMA'
2016-03-12T19:23:49.056043Z 0 [Note] Shutting down plugin 'MRG_MYISAM'
2016-03-12T19:23:49.057044Z 0 [Note] Shutting down plugin 'MyISAM'
2016-03-12T19:23:49.058046Z 0 [Note] Shutting down plugin 'INNODB_SYS_VIRTUAL'
2016-03-12T19:23:49.058046Z 0 [Note] Shutting down plugin 'INNODB_SYS_DATAFILES'
2016-03-12T19:23:49.059045Z 0 [Note] Shutting down plugin 'INNODB_SYS_TABLESPACES'
2016-03-12T19:23:49.060047Z 0 [Note] Shutting down plugin 'INNODB_SYS_FOREIGN_COLS'
2016-03-12T19:23:49.061047Z 0 [Note] Shutting down plugin 'INNODB_SYS_FOREIGN'
2016-03-12T19:23:49.061047Z 0 [Note] Shutting down plugin 'INNODB_SYS_FIELDS'
2016-03-12T19:23:49.062047Z 0 [Note] Shutting down plugin 'INNODB_SYS_COLUMNS'
2016-03-12T19:23:49.063048Z 0 [Note] Shutting down plugin 'INNODB_SYS_INDEXES'
2016-03-12T19:23:49.063048Z 0 [Note] Shutting down plugin 'INNODB_SYS_TABLESTATS'
2016-03-12T19:23:49.064048Z 0 [Note] Shutting down plugin 'INNODB_SYS_TABLES'
2016-03-12T19:23:49.065050Z 0 [Note] Shutting down plugin 'INNODB_FT_INDEX_TABLE'
2016-03-12T19:23:49.065050Z 0 [Note] Shutting down plugin 'INNODB_FT_INDEX_CACHE'
2016-03-12T19:23:49.066050Z 0 [Note] Shutting down plugin 'INNODB_FT_CONFIG'
2016-03-12T19:23:49.067050Z 0 [Note] Shutting down plugin 'INNODB_FT_BEING_DELETED'
2016-03-12T19:23:49.067050Z 0 [Note] Shutting down plugin 'INNODB_FT_DELETED'
2016-03-12T19:23:49.068051Z 0 [Note] Shutting down plugin 'INNODB_FT_DEFAULT_STOPWORD'
2016-03-12T19:23:49.068051Z 0 [Note] Shutting down plugin 'INNODB_METRICS'
2016-03-12T19:23:49.069052Z 0 [Note] Shutting down plugin 'INNODB_TEMP_TABLE_INFO'
2016-03-12T19:23:49.070052Z 0 [Note] Shutting down plugin 'INNODB_BUFFER_POOL_STATS'
2016-03-12T19:23:49.070052Z 0 [Note] Shutting down plugin 'INNODB_BUFFER_PAGE_LRU'
2016-03-12T19:23:49.071053Z 0 [Note] Shutting down plugin 'INNODB_BUFFER_PAGE'
2016-03-12T19:23:49.072053Z 0 [Note] Shutting down plugin 'INNODB_CMP_PER_INDEX_RESET'
2016-03-12T19:23:49.072053Z 0 [Note] Shutting down plugin 'INNODB_CMP_PER_INDEX'
2016-03-12T19:23:49.073055Z 0 [Note] Shutting down plugin 'INNODB_CMPMEM_RESET'
2016-03-12T19:23:49.073055Z 0 [Note] Shutting down plugin 'INNODB_CMPMEM'
2016-03-12T19:23:49.074056Z 0 [Note] Shutting down plugin 'INNODB_CMP_RESET'
2016-03-12T19:23:49.075057Z 0 [Note] Shutting down plugin 'INNODB_CMP'
2016-03-12T19:23:49.075057Z 0 [Note] Shutting down plugin 'INNODB_LOCK_WAITS'
2016-03-12T19:23:49.076057Z 0 [Note] Shutting down plugin 'INNODB_LOCKS'
2016-03-12T19:23:49.076057Z 0 [Note] Shutting down plugin 'INNODB_TRX'
2016-03-12T19:23:49.077066Z 0 [Note] Shutting down plugin 'InnoDB'
2016-03-12T19:23:49.078059Z 0 [Note] InnoDB: FTS optimize thread exiting.
2016-03-12T19:23:49.079059Z 0 [Note] InnoDB: Starting shutdown...
2016-03-12T19:23:49.180126Z 0 [Note] InnoDB: Dumping buffer pool(s) to C:\Users\Drake\Documents\319_G19\319_G19\lab07\UwAmp\bin\database\mysql-5.7.11\data\ib_buffer_pool
2016-03-12T19:23:49.186130Z 0 [Note] InnoDB: Buffer pool(s) dump completed at 160312 13:23:49
2016-03-12T19:23:50.509654Z 0 [Note] InnoDB: Shutdown completed; log sequence number 2603057
2016-03-12T19:23:50.509654Z 0 [Note] InnoDB: Removed temporary tablespace data file: "ibtmp1"
2016-03-12T19:23:50.509654Z 0 [Note] Shutting down plugin 'MEMORY'
2016-03-12T19:23:50.509654Z 0 [Note] Shutting down plugin 'CSV'
2016-03-12T19:23:50.509654Z 0 [Note] Shutting down plugin 'sha256_password'
2016-03-12T19:23:50.509654Z 0 [Note] Shutting down plugin 'mysql_native_password'
2016-03-12T19:23:50.509654Z 0 [Note] Shutting down plugin 'binlog'
2016-03-12T19:23:50.509654Z 0 [Note] C:\Users\Drake\Documents\319_G19\319_G19\lab07\UwAmp\bin\database\mysql-5.7.11\bin\mysqld.exe: Shutdown complete

2016-03-12T19:24:16.535189Z 0 [Warning] TIMESTAMP with implicit DEFAULT value is deprecated. Please use --explicit_defaults_for_timestamp server option (see documentation for more details).
2016-03-12T19:24:16.535189Z 0 [Warning] 'NO_ZERO_DATE', 'NO_ZERO_IN_DATE' and 'ERROR_FOR_DIVISION_BY_ZERO' sql modes should be used with strict mode. They will be merged with strict mode in a future release.
2016-03-12T19:24:16.535189Z 0 [Warning] 'NO_AUTO_CREATE_USER' sql mode was not set.
2016-03-12T19:24:16.535189Z 0 [Warning] Insecure configuration for --secure-file-priv: Current value does not restrict location of generated files. Consider setting it to a valid, non-empty path.
2016-03-12T19:24:16.550815Z 0 [ERROR] Cannot open Windows EventLog; check privileges, or start server with --log_syslog=0
2016-03-12T19:24:16.550815Z 0 [Note] C:\Users\Drake\Documents\319_G19\319_G19\lab07\UwAmp\bin\database\mysql-5.7.11\bin\mysqld.exe (mysqld 5.7.11) starting as process 5892 ...
2016-03-12T19:24:16.566440Z 0 [ERROR] Can't open shared library 'C:\Users\Drake\Documents\319_G19\319_G19\lab07\UwAmp\bin\database\mysql-5.7.11\lib\plugin\keyring_file.dll' (errno: 126 The specified module could not be found.)
2016-03-12T19:24:16.566440Z 0 [ERROR] Couldn't load plugin named 'keyring_file' with soname 'keyring_file.dll'.
2016-03-12T19:24:16.566440Z 0 [Note] InnoDB: Mutexes and rw_locks use Windows interlocked functions
2016-03-12T19:24:16.566440Z 0 [Note] InnoDB: Uses event mutexes
2016-03-12T19:24:16.566440Z 0 [Note] InnoDB: Memory barrier is not used
2016-03-12T19:24:16.566440Z 0 [Note] InnoDB: Compressed tables use zlib 1.2.3
2016-03-12T19:24:16.566440Z 0 [Note] InnoDB: Number of pools: 1
2016-03-12T19:24:16.566440Z 0 [Note] InnoDB: Not using CPU crc32 instructions
2016-03-12T19:24:16.660197Z 0 [Note] InnoDB: Initializing buffer pool, total size = 128M, instances = 1, chunk size = 128M
2016-03-12T19:24:16.675821Z 0 [Note] InnoDB: Completed initialization of buffer pool
2016-03-12T19:24:16.722699Z 0 [Note] InnoDB: Highest supported file format is Barracuda.
2016-03-12T19:24:17.097719Z 0 [Note] InnoDB: Creating shared tablespace for temporary tables
2016-03-12T19:24:17.097719Z 0 [Note] InnoDB: Setting file '.\ibtmp1' size to 12 MB. Physically writing the file full; Please wait ...
2016-03-12T19:24:17.550869Z 0 [Note] InnoDB: File '.\ibtmp1' size is now 12 MB.
2016-03-12T19:24:17.582119Z 0 [Note] InnoDB: 96 redo rollback segment(s) found. 96 redo rollback segment(s) are active.
2016-03-12T19:24:17.582119Z 0 [Note] InnoDB: 32 non-redo rollback segment(s) are active.
2016-03-12T19:24:17.582119Z 0 [Note] InnoDB: Waiting for purge to start
2016-03-12T19:24:17.644623Z 0 [Note] InnoDB: 5.7.11 started; log sequence number 2603057
2016-03-12T19:24:17.644623Z 0 [Note] InnoDB: Loading buffer pool(s) from C:\Users\Drake\Documents\319_G19\319_G19\lab07\UwAmp\bin\database\mysql-5.7.11\data\ib_buffer_pool
2016-03-12T19:24:17.644623Z 0 [Note] Plugin 'FEDERATED' is disabled.
2016-03-12T19:24:17.660248Z 0 [Warning] Failed to set up SSL because of the following SSL library error: SSL context is not usable without certificate and private key
2016-03-12T19:24:17.660248Z 0 [Note] Server hostname (bind-address): '*'; port: 3306
2016-03-12T19:24:17.660248Z 0 [Note] IPv6 is available.
2016-03-12T19:24:17.660248Z 0 [Note]   - '::' resolves to '::';
2016-03-12T19:24:17.660248Z 0 [Note] Server socket created on IP: '::'.
2016-03-12T19:24:17.675874Z 0 [Note] InnoDB: Buffer pool(s) load completed at 160312 13:24:17
2016-03-12T19:24:17.722764Z 0 [Note] Event Scheduler: Loaded 0 events
2016-03-12T19:24:17.722764Z 0 [Note] C:\Users\Drake\Documents\319_G19\319_G19\lab07\UwAmp\bin\database\mysql-5.7.11\bin\mysqld.exe: ready for connections.
Version: '5.7.11'  socket: ''  port: 3306  MySQL Community Server (GPL)
2016-03-12T20:10:33.619048Z 0 [Note] C:\Users\Drake\Documents\319_G19\319_G19\lab07\UwAmp\bin\database\mysql-5.7.11\bin\mysqld.exe: Normal shutdown

2016-03-12T20:10:33.619048Z 0 [Note] Giving 0 client threads a chance to die gracefully
2016-03-12T20:10:33.619048Z 0 [Note] Shutting down slave threads
2016-03-12T20:10:33.619048Z 0 [Note] Forcefully disconnecting 0 remaining clients
2016-03-12T20:10:33.619048Z 0 [Note] Event Scheduler: Purging the queue. 0 events
2016-03-12T20:10:33.619048Z 0 [Note] Binlog end
2016-03-12T20:10:33.619048Z 0 [Note] Shutting down plugin 'ngram'
2016-03-12T20:10:33.619048Z 0 [Note] Shutting down plugin 'partition'
2016-03-12T20:10:33.619048Z 0 [Note] Shutting down plugin 'BLACKHOLE'
2016-03-12T20:10:33.634673Z 0 [Note] Shutting down plugin 'ARCHIVE'
2016-03-12T20:10:33.634673Z 0 [Note] Shutting down plugin 'PERFORMANCE_SCHEMA'
2016-03-12T20:10:33.634673Z 0 [Note] Shutting down plugin 'MRG_MYISAM'
2016-03-12T20:10:33.634673Z 0 [Note] Shutting down plugin 'MyISAM'
2016-03-12T20:10:33.634673Z 0 [Note] Shutting down plugin 'INNODB_SYS_VIRTUAL'
2016-03-12T20:10:33.634673Z 0 [Note] Shutting down plugin 'INNODB_SYS_DATAFILES'
2016-03-12T20:10:33.634673Z 0 [Note] Shutting down plugin 'INNODB_SYS_TABLESPACES'
2016-03-12T20:10:33.634673Z 0 [Note] Shutting down plugin 'INNODB_SYS_FOREIGN_COLS'
2016-03-12T20:10:33.634673Z 0 [Note] Shutting down plugin 'INNODB_SYS_FOREIGN'
2016-03-12T20:10:33.634673Z 0 [Note] Shutting down plugin 'INNODB_SYS_FIELDS'
2016-03-12T20:10:33.634673Z 0 [Note] Shutting down plugin 'INNODB_SYS_COLUMNS'
2016-03-12T20:10:33.634673Z 0 [Note] Shutting down plugin 'INNODB_SYS_INDEXES'
2016-03-12T20:10:33.634673Z 0 [Note] Shutting down plugin 'INNODB_SYS_TABLESTATS'
2016-03-12T20:10:33.634673Z 0 [Note] Shutting down plugin 'INNODB_SYS_TABLES'
2016-03-12T20:10:33.634673Z 0 [Note] Shutting down plugin 'INNODB_FT_INDEX_TABLE'
2016-03-12T20:10:33.634673Z 0 [Note] Shutting down plugin 'INNODB_FT_INDEX_CACHE'
2016-03-12T20:10:33.634673Z 0 [Note] Shutting down plugin 'INNODB_FT_CONFIG'
2016-03-12T20:10:33.634673Z 0 [Note] Shutting down plugin 'INNODB_FT_BEING_DELETED'
2016-03-12T20:10:33.634673Z 0 [Note] Shutting down plugin 'INNODB_FT_DELETED'
2016-03-12T20:10:33.634673Z 0 [Note] Shutting down plugin 'INNODB_FT_DEFAULT_STOPWORD'
2016-03-12T20:10:33.634673Z 0 [Note] Shutting down plugin 'INNODB_METRICS'
2016-03-12T20:10:33.634673Z 0 [Note] Shutting down plugin 'INNODB_TEMP_TABLE_INFO'
2016-03-12T20:10:33.634673Z 0 [Note] Shutting down plugin 'INNODB_BUFFER_POOL_STATS'
2016-03-12T20:10:33.634673Z 0 [Note] Shutting down plugin 'INNODB_BUFFER_PAGE_LRU'
2016-03-12T20:10:33.650299Z 0 [Note] Shutting down plugin 'INNODB_BUFFER_PAGE'
2016-03-12T20:10:33.650299Z 0 [Note] Shutting down plugin 'INNODB_CMP_PER_INDEX_RESET'
2016-03-12T20:10:33.650299Z 0 [Note] Shutting down plugin 'INNODB_CMP_PER_INDEX'
2016-03-12T20:10:33.650299Z 0 [Note] Shutting down plugin 'INNODB_CMPMEM_RESET'
2016-03-12T20:10:33.650299Z 0 [Note] Shutting down plugin 'INNODB_CMPMEM'
2016-03-12T20:10:33.650299Z 0 [Note] Shutting down plugin 'INNODB_CMP_RESET'
2016-03-12T20:10:33.650299Z 0 [Note] Shutting down plugin 'INNODB_CMP'
2016-03-12T20:10:33.650299Z 0 [Note] Shutting down plugin 'INNODB_LOCK_WAITS'
2016-03-12T20:10:33.650299Z 0 [Note] Shutting down plugin 'INNODB_LOCKS'
2016-03-12T20:10:33.650299Z 0 [Note] Shutting down plugin 'INNODB_TRX'
2016-03-12T20:10:33.650299Z 0 [Note] Shutting down plugin 'InnoDB'
2016-03-12T20:10:33.650299Z 0 [Note] InnoDB: FTS optimize thread exiting.
2016-03-12T20:10:33.650299Z 0 [Note] InnoDB: Starting shutdown...
2016-03-12T20:10:33.759682Z 0 [Note] InnoDB: Dumping buffer pool(s) to C:\Users\Drake\Documents\319_G19\319_G19\lab07\UwAmp\bin\database\mysql-5.7.11\data\ib_buffer_pool
2016-03-12T20:10:33.759682Z 0 [Note] InnoDB: Buffer pool(s) dump completed at 160312 14:10:33
2016-03-12T20:10:35.072250Z 0 [Note] InnoDB: Shutdown completed; log sequence number 2603085
2016-03-12T20:10:35.072250Z 0 [Note] InnoDB: Removed temporary tablespace data file: "ibtmp1"
2016-03-12T20:10:35.072250Z 0 [Note] Shutting down plugin 'MEMORY'
2016-03-12T20:10:35.072250Z 0 [Note] Shutting down plugin 'CSV'
2016-03-12T20:10:35.072250Z 0 [Note] Shutting down plugin 'sha256_password'
2016-03-12T20:10:35.072250Z 0 [Note] Shutting down plugin 'mysql_native_password'
2016-03-12T20:10:35.072250Z 0 [Note] Shutting down plugin 'binlog'
2016-03-12T20:10:35.072250Z 0 [Note] C:\Users\Drake\Documents\319_G19\319_G19\lab07\UwAmp\bin\database\mysql-5.7.11\bin\mysqld.exe: Shutdown complete

2016-03-12T21:06:36.155490Z 0 [Warning] TIMESTAMP with implicit DEFAULT value is deprecated. Please use --explicit_defaults_for_timestamp server option (see documentation for more details).
2016-03-12T21:06:36.171117Z 0 [Warning] 'NO_ZERO_DATE', 'NO_ZERO_IN_DATE' and 'ERROR_FOR_DIVISION_BY_ZERO' sql modes should be used with strict mode. They will be merged with strict mode in a future release.
2016-03-12T21:06:36.171117Z 0 [Warning] 'NO_AUTO_CREATE_USER' sql mode was not set.
2016-03-12T21:06:36.171117Z 0 [Warning] Insecure configuration for --secure-file-priv: Current value does not restrict location of generated files. Consider setting it to a valid, non-empty path.
2016-03-12T21:06:36.171117Z 0 [ERROR] Cannot open Windows EventLog; check privileges, or start server with --log_syslog=0
2016-03-12T21:06:36.171117Z 0 [Note] C:\Users\Drake\Documents\319_G19\319_G19\lab07\UwAmp\bin\database\mysql-5.7.11\bin\mysqld.exe (mysqld 5.7.11) starting as process 5468 ...
2016-03-12T21:06:36.311749Z 0 [ERROR] Can't open shared library 'C:\Users\Drake\Documents\319_G19\319_G19\lab07\UwAmp\bin\database\mysql-5.7.11\lib\plugin\keyring_file.dll' (errno: 126 The specified module could not be found.)
2016-03-12T21:06:36.311749Z 0 [ERROR] Couldn't load plugin named 'keyring_file' with soname 'keyring_file.dll'.
2016-03-12T21:06:36.343000Z 0 [Note] InnoDB: Mutexes and rw_locks use Windows interlocked functions
2016-03-12T21:06:36.343000Z 0 [Note] InnoDB: Uses event mutexes
2016-03-12T21:06:36.358626Z 0 [Note] InnoDB: Memory barrier is not used
2016-03-12T21:06:36.358626Z 0 [Note] InnoDB: Compressed tables use zlib 1.2.3
2016-03-12T21:06:36.358626Z 0 [Note] InnoDB: Number of pools: 1
2016-03-12T21:06:36.358626Z 0 [Note] InnoDB: Not using CPU crc32 instructions
2016-03-12T21:06:36.405506Z 0 [Note] InnoDB: Initializing buffer pool, total size = 128M, instances = 1, chunk size = 128M
2016-03-12T21:06:36.421130Z 0 [Note] InnoDB: Completed initialization of buffer pool
2016-03-12T21:06:36.483634Z 0 [Note] InnoDB: Highest supported file format is Barracuda.
2016-03-12T21:06:37.642142Z 0 [Note] InnoDB: Creating shared tablespace for temporary tables
2016-03-12T21:06:37.642142Z 0 [Note] InnoDB: Setting file '.\ibtmp1' size to 12 MB. Physically writing the file full; Please wait ...
2016-03-12T21:06:38.095289Z 0 [Note] InnoDB: File '.\ibtmp1' size is now 12 MB.
2016-03-12T21:06:38.095289Z 0 [Note] InnoDB: 96 redo rollback segment(s) found. 96 redo rollback segment(s) are active.
2016-03-12T21:06:38.110915Z 0 [Note] InnoDB: 32 non-redo rollback segment(s) are active.
2016-03-12T21:06:38.110915Z 0 [Note] InnoDB: Waiting for purge to start
2016-03-12T21:06:38.173420Z 0 [Note] InnoDB: 5.7.11 started; log sequence number 2603085
2016-03-12T21:06:38.173420Z 0 [Note] InnoDB: Loading buffer pool(s) from C:\Users\Drake\Documents\319_G19\319_G19\lab07\UwAmp\bin\database\mysql-5.7.11\data\ib_buffer_pool
2016-03-12T21:06:38.220299Z 0 [Note] Plugin 'FEDERATED' is disabled.
2016-03-12T21:06:38.485947Z 0 [Note] InnoDB: Buffer pool(s) load completed at 160312 15:06:38
2016-03-12T21:06:38.657826Z 0 [Warning] Failed to set up SSL because of the following SSL library error: SSL context is not usable without certificate and private key
2016-03-12T21:06:38.657826Z 0 [Note] Server hostname (bind-address): '*'; port: 3306
2016-03-12T21:06:38.657826Z 0 [Note] IPv6 is available.
2016-03-12T21:06:38.657826Z 0 [Note]   - '::' resolves to '::';
2016-03-12T21:06:38.673445Z 0 [Note] Server socket created on IP: '::'.
2016-03-12T21:06:39.767256Z 0 [Note] Event Scheduler: Loaded 0 events
2016-03-12T21:06:39.767256Z 0 [Note] C:\Users\Drake\Documents\319_G19\319_G19\lab07\UwAmp\bin\database\mysql-5.7.11\bin\mysqld.exe: ready for connections.
Version: '5.7.11'  socket: ''  port: 3306  MySQL Community Server (GPL)
