::1 - - [12/Mar/2016:13:22:38 -0600] "GET /mysql/ HTTP/1.1" 200 3056
::1 - - [12/Mar/2016:13:22:38 -0600] "GET /mysql/themes/pmahomme/jquery/jquery-ui-1.11.2.css HTTP/1.1" 200 35212
::1 - - [12/Mar/2016:13:22:38 -0600] "GET /mysql/js/codemirror/addon/hint/show-hint.css?v=4.5.4.1 HTTP/1.1" 200 662
::1 - - [12/Mar/2016:13:22:38 -0600] "GET /mysql/js/codemirror/lib/codemirror.css?v=4.5.4.1 HTTP/1.1" 200 7771
::1 - - [12/Mar/2016:13:22:38 -0600] "GET /mysql/js/codemirror/addon/lint/lint.css?v=4.5.4.1 HTTP/1.1" 200 3068
::1 - - [12/Mar/2016:13:22:38 -0600] "GET /mysql/themes/pmahomme/css/printview.css?v=4.5.4.1 HTTP/1.1" 200 3082
::1 - - [12/Mar/2016:13:22:38 -0600] "GET /mysql/js/messages.php?lang=en&db=&collation_connection=utf8_unicode_ci&token=894555451813bb0fec8b76fae55b9b38&v=4.5.4.1 HTTP/1.1" 200 8430
::1 - - [12/Mar/2016:13:22:38 -0600] "GET /mysql/themes/pmahomme/img/logo_right.png HTTP/1.1" 200 4548
::1 - - [12/Mar/2016:13:22:38 -0600] "GET /mysql/themes/dot.gif HTTP/1.1" 200 43
::1 - - [12/Mar/2016:13:22:38 -0600] "GET /mysql/js/get_scripts.js.php?scripts%5B%5D=jquery/jquery-1.11.1.min.js&scripts%5B%5D=sprintf.js&scripts%5B%5D=ajax.js&scripts%5B%5D=keyhandler.js&scripts%5B%5D=jquery/jquery-ui-1.11.2.min.js&scripts%5B%5D=jquery/jquery.cookie.js&scripts%5B%5D=jquery/jquery.mousewheel.js&scripts%5B%5D=jquery/jquery.event.drag-2.2.js&scripts%5B%5D=jquery/jquery-ui-timepicker-addon.js&scripts%5B%5D=jquery/jquery.ba-hashchange-1.3.js&scripts%5B%5D=jquery/jquery.debounce-1.0.5.js&scripts%5B%5D=menu-resizer.js&scripts%5B%5D=cross_framing_protection.js&scripts%5B%5D=rte.js&scripts%5B%5D=tracekit/tracekit.js&scripts%5B%5D=error_report.js&scripts%5B%5D=doclinks.js&scripts%5B%5D=functions.js&scripts%5B%5D=navigation.js&scripts%5B%5D=indexes.js&v=4.5.4.1 HTTP/1.1" 200 216429
::1 - - [12/Mar/2016:13:22:38 -0600] "GET /mysql/js/get_scripts.js.php?scripts%5B%5D=common.js&scripts%5B%5D=config.js&scripts%5B%5D=page_settings.js&scripts%5B%5D=codemirror/lib/codemirror.js&scripts%5B%5D=codemirror/mode/sql/sql.js&scripts%5B%5D=codemirror/addon/runmode/runmode.js&scripts%5B%5D=codemirror/addon/hint/show-hint.js&scripts%5B%5D=codemirror/addon/hint/sql-hint.js&scripts%5B%5D=codemirror/addon/lint/lint.js&scripts%5B%5D=codemirror/addon/lint/sql-lint.js&scripts%5B%5D=console.js&v=4.5.4.1 HTTP/1.1" 200 129440
::1 - - [12/Mar/2016:13:22:38 -0600] "GET /mysql/phpmyadmin.css.php?nocache=4373426601ltr HTTP/1.1" 200 20076
::1 - - [12/Mar/2016:13:22:38 -0600] "GET /mysql/js/get_image.js.php?theme=pmahomme&v=4.5.4.1 HTTP/1.1" 200 1822
::1 - - [12/Mar/2016:13:22:38 -0600] "GET /mysql/js/whitelist.php?lang=en&db=&collation_connection=utf8_unicode_ci&token=894555451813bb0fec8b76fae55b9b38&v=4.5.4.1 HTTP/1.1" 200 482
::1 - - [12/Mar/2016:13:22:39 -0600] "GET /mysql/themes/pmahomme/img/sprites.png?v=4.5.4.1 HTTP/1.1" 200 46795
::1 - - [12/Mar/2016:13:22:39 -0600] "GET /mysql/favicon.ico HTTP/1.1" 200 22486
::1 - - [12/Mar/2016:13:24:42 -0600] "GET / HTTP/1.1" 200 1599
::1 - - [12/Mar/2016:13:24:42 -0600] "GET /?getimg=title HTTP/1.1" 200 6119
::1 - - [12/Mar/2016:13:24:42 -0600] "GET /?getimg=folder HTTP/1.1" 200 537
::1 - - [12/Mar/2016:13:24:42 -0600] "GET /?getimg=favicon HTTP/1.1" 200 5430
::1 - - [12/Mar/2016:13:26:08 -0600] "GET / HTTP/1.1" 200 1599
::1 - - [12/Mar/2016:13:26:08 -0600] "GET /?getimg=title HTTP/1.1" 200 6119
::1 - - [12/Mar/2016:13:26:08 -0600] "GET /?getimg=folder HTTP/1.1" 200 537
::1 - - [12/Mar/2016:13:26:26 -0600] "GET /login.html HTTP/1.1" 200 1240
::1 - - [12/Mar/2016:13:26:27 -0600] "GET /favicon.ico HTTP/1.1" 404 311
::1 - - [12/Mar/2016:13:26:39 -0600] "POST /checkLogin.php HTTP/1.1" 200 7
::1 - - [12/Mar/2016:13:26:41 -0600] "POST /checkLogin.php HTTP/1.1" 200 7
::1 - - [12/Mar/2016:13:26:41 -0600] "POST /checkLogin.php HTTP/1.1" 200 7
::1 - - [12/Mar/2016:13:26:42 -0600] "POST /checkLogin.php HTTP/1.1" 200 7
::1 - - [12/Mar/2016:13:26:43 -0600] "POST /checkLogin.php HTTP/1.1" 200 7
::1 - - [12/Mar/2016:13:26:46 -0600] "POST /checkLogin.php HTTP/1.1" 200 7
::1 - - [12/Mar/2016:13:28:33 -0600] "POST /checkLogin.php HTTP/1.1" 200 7
::1 - - [12/Mar/2016:13:28:42 -0600] "GET /uwamp/ HTTP/1.1" 200 1599
::1 - - [12/Mar/2016:13:28:42 -0600] "GET /uwamp/?getimg=title HTTP/1.1" 200 6119
::1 - - [12/Mar/2016:13:28:42 -0600] "GET /uwamp/?getimg=folder HTTP/1.1" 200 537
::1 - - [12/Mar/2016:13:28:42 -0600] "GET /uwamp/?getimg=favicon HTTP/1.1" 200 5430
::1 - - [12/Mar/2016:13:28:45 -0600] "GET /uwamp HTTP/1.1" 301 338
::1 - - [12/Mar/2016:13:28:45 -0600] "GET /uwamp/ HTTP/1.1" 200 1599
::1 - - [12/Mar/2016:13:28:45 -0600] "GET /uwamp/?getimg=folder HTTP/1.1" 200 537
::1 - - [12/Mar/2016:13:28:45 -0600] "GET /uwamp/?getimg=title HTTP/1.1" 200 6119
::1 - - [12/Mar/2016:13:28:49 -0600] "GET /my-app HTTP/1.1" 301 339
::1 - - [12/Mar/2016:13:28:49 -0600] "GET /my-app/ HTTP/1.1" 200 772
::1 - - [12/Mar/2016:13:28:49 -0600] "GET /icons/back.gif HTTP/1.1" 200 216
::1 - - [12/Mar/2016:13:28:49 -0600] "GET /icons/blank.gif HTTP/1.1" 200 148
::1 - - [12/Mar/2016:13:29:02 -0600] "GET /uwamp/www HTTP/1.1" 404 309
::1 - - [12/Mar/2016:13:33:00 -0600] "GET /my-app/login.html HTTP/1.1" 200 1240
::1 - - [12/Mar/2016:13:33:10 -0600] "GET /my-app/examples HTTP/1.1" 301 348
::1 - - [12/Mar/2016:13:33:10 -0600] "GET /my-app/examples/ HTTP/1.1" 200 1231
::1 - - [12/Mar/2016:13:33:10 -0600] "GET /icons/blank.gif HTTP/1.1" 304 -
::1 - - [12/Mar/2016:13:33:10 -0600] "GET /icons/folder.gif HTTP/1.1" 200 225
::1 - - [12/Mar/2016:13:33:10 -0600] "GET /icons/back.gif HTTP/1.1" 304 -
::1 - - [12/Mar/2016:13:33:18 -0600] "GET /my-app/examples/Exercise07_js_ajax/ HTTP/1.1" 200 4676
