[Sat Mar 12 13:21:53.430945 2016] [ssl:warn] [pid 13960:tid 376] AH01906: main-serveur:443:0 server certificate is a CA certificate (BasicConstraints: CA == TRUE !?)
[Sat Mar 12 13:21:53.430945 2016] [ssl:warn] [pid 13960:tid 376] AH01909: main-serveur:443:0 server certificate does NOT include an ID which matches the server name
[Sat Mar 12 13:21:53.821589 2016] [ssl:warn] [pid 13960:tid 376] AH01873: Init: Session Cache is not configured [hint: SSLSessionCache]
[Sat Mar 12 13:21:53.821589 2016] [ssl:warn] [pid 13960:tid 376] AH01906: main-serveur:443:0 server certificate is a CA certificate (BasicConstraints: CA == TRUE !?)
[Sat Mar 12 13:21:53.821589 2016] [ssl:warn] [pid 13960:tid 376] AH01909: main-serveur:443:0 server certificate does NOT include an ID which matches the server name
[Sat Mar 12 13:21:54.300319 2016] [mpm_winnt:notice] [pid 13960:tid 376] AH00455: Apache/2.4.18 (Win32) OpenSSL/1.0.2f PHP/5.6.18 configured -- resuming normal operations
[Sat Mar 12 13:21:54.300319 2016] [mpm_winnt:notice] [pid 13960:tid 376] AH00456: Server built: Jan 28 2016 09:58:25
[Sat Mar 12 13:21:54.300319 2016] [core:notice] [pid 13960:tid 376] AH00094: Command line: 'C:\\Users\\Drake\\Documents\\319_G19\\319_G19\\lab07\\UwAmp\\bin\\apache\\bin\\httpd.exe -d C:/Users/Drake/Documents/319_G19/319_G19/lab07/UwAmp/bin/apache -f C:\\Users\\Drake\\Documents\\319_G19\\319_G19\\lab07\\UwAmp\\bin\\apache\\conf\\httpd.conf'
[Sat Mar 12 13:21:54.300319 2016] [mpm_winnt:notice] [pid 13960:tid 376] AH00418: Parent: Created child process 11492
[Sat Mar 12 13:21:55.144115 2016] [ssl:warn] [pid 11492:tid 364] AH01906: main-serveur:443:0 server certificate is a CA certificate (BasicConstraints: CA == TRUE !?)
[Sat Mar 12 13:21:55.159739 2016] [ssl:warn] [pid 11492:tid 364] AH01909: main-serveur:443:0 server certificate does NOT include an ID which matches the server name
[Sat Mar 12 13:21:55.331624 2016] [ssl:warn] [pid 11492:tid 364] AH01873: Init: Session Cache is not configured [hint: SSLSessionCache]
[Sat Mar 12 13:21:55.331624 2016] [ssl:warn] [pid 11492:tid 364] AH01906: main-serveur:443:0 server certificate is a CA certificate (BasicConstraints: CA == TRUE !?)
[Sat Mar 12 13:21:55.331624 2016] [ssl:warn] [pid 11492:tid 364] AH01909: main-serveur:443:0 server certificate does NOT include an ID which matches the server name
[Sat Mar 12 13:21:55.381133 2016] [mpm_winnt:notice] [pid 11492:tid 364] AH00354: Child: Starting 64 worker threads.
[Sat Mar 12 13:23:48.945969 2016] [mpm_winnt:crit] [pid 11492:tid 364] AH02538: Child: Parent process exited abruptly. Child process is ending
[Sat Mar 12 13:24:17.175848 2016] [ssl:warn] [pid 17332:tid 264] AH01906: main-serveur:443:0 server certificate is a CA certificate (BasicConstraints: CA == TRUE !?)
[Sat Mar 12 13:24:17.175848 2016] [ssl:warn] [pid 17332:tid 264] AH01909: main-serveur:443:0 server certificate does NOT include an ID which matches the server name
[Sat Mar 12 13:24:17.410237 2016] [core:warn] [pid 17332:tid 264] AH00098: pid file C:/Users/Drake/Documents/319_G19/319_G19/lab07/UwAmp/bin/apache/logs/httpd.pid overwritten -- Unclean shutdown of previous Apache run?
[Sat Mar 12 13:24:17.519616 2016] [ssl:warn] [pid 17332:tid 264] AH01873: Init: Session Cache is not configured [hint: SSLSessionCache]
[Sat Mar 12 13:24:17.519616 2016] [ssl:warn] [pid 17332:tid 264] AH01906: main-serveur:443:0 server certificate is a CA certificate (BasicConstraints: CA == TRUE !?)
[Sat Mar 12 13:24:17.519616 2016] [ssl:warn] [pid 17332:tid 264] AH01909: main-serveur:443:0 server certificate does NOT include an ID which matches the server name
[Sat Mar 12 13:24:17.535244 2016] [mpm_winnt:notice] [pid 17332:tid 264] AH00455: Apache/2.4.18 (Win32) OpenSSL/1.0.2f PHP/5.6.18 configured -- resuming normal operations
[Sat Mar 12 13:24:17.535244 2016] [mpm_winnt:notice] [pid 17332:tid 264] AH00456: Server built: Jan 28 2016 09:58:25
[Sat Mar 12 13:24:17.535244 2016] [core:notice] [pid 17332:tid 264] AH00094: Command line: 'C:\\Users\\Drake\\Documents\\319_G19\\319_G19\\lab07\\UwAmp\\bin\\apache\\bin\\httpd.exe -d C:/Users/Drake/Documents/319_G19/319_G19/lab07/UwAmp/bin/apache -f C:\\Users\\Drake\\Documents\\319_G19\\319_G19\\lab07\\UwAmp\\bin\\apache\\conf\\httpd.conf'
[Sat Mar 12 13:24:17.550869 2016] [mpm_winnt:notice] [pid 17332:tid 264] AH00418: Parent: Created child process 9772
[Sat Mar 12 13:24:18.309331 2016] [ssl:warn] [pid 9772:tid 416] AH01906: main-serveur:443:0 server certificate is a CA certificate (BasicConstraints: CA == TRUE !?)
[Sat Mar 12 13:24:18.309331 2016] [ssl:warn] [pid 9772:tid 416] AH01909: main-serveur:443:0 server certificate does NOT include an ID which matches the server name
[Sat Mar 12 13:24:18.465592 2016] [ssl:warn] [pid 9772:tid 416] AH01873: Init: Session Cache is not configured [hint: SSLSessionCache]
[Sat Mar 12 13:24:18.465592 2016] [ssl:warn] [pid 9772:tid 416] AH01906: main-serveur:443:0 server certificate is a CA certificate (BasicConstraints: CA == TRUE !?)
[Sat Mar 12 13:24:18.465592 2016] [ssl:warn] [pid 9772:tid 416] AH01909: main-serveur:443:0 server certificate does NOT include an ID which matches the server name
[Sat Mar 12 13:24:18.496843 2016] [mpm_winnt:notice] [pid 9772:tid 416] AH00354: Child: Starting 64 worker threads.
